nohup: ignoring input
Setting up watches.  Beware: since -r was given, this may take a while!
Watches established.
/app/ MODIFY autosync.log
[main 74a8fb6] auto sync update Sun Feb 15 11:23:24 UTC 2026
 2 files changed, 15 insertions(+)
 create mode 100644 autosync.log
 create mode 100755 autosync.sh
To https://github.com/Bangaly-kaba680/smartshopmanager.git
   a9ef91b..74a8fb6  main -> main
Setting up watches.  Beware: since -r was given, this may take a while!
Watches established.
/app/ MODIFY autosync.log
[main 45d2593] auto sync update Sun Feb 15 11:23:26 UTC 2026
 1 file changed, 9 insertions(+)
To https://github.com/Bangaly-kaba680/smartshopmanager.git
   74a8fb6..45d2593  main -> main
Setting up watches.  Beware: since -r was given, this may take a while!
Watches established.
/app/ MODIFY autosync.log
[main 93617ee] auto sync update Sun Feb 15 11:23:29 UTC 2026
 1 file changed, 7 insertions(+)
To https://github.com/Bangaly-kaba680/smartshopmanager.git
   45d2593..93617ee  main -> main
Setting up watches.  Beware: since -r was given, this may take a while!
Watches established.
/app/ MODIFY autosync.log
